************* Module gfc.GFCInterfaceManager
E:135:GFCInterfaceManager.save_project_cb: Instance of 'GFCInterfaceManager' has no 'saveas_project_cb' member
R:146:GFCInterfaceManager.quit_cb: Method could be a function
R:  9:GFCInterfaceManager: Too many public methods (23/20)
************* Module gfc.GFCCardsManager
W:  6: Relative import 'GFCCard', should be 'gfc.GFCCard'


Report
======
314 statements analysed.

Raw metrics
-----------

+----------+-------+------+---------+-----------+
|type      |number |%     |previous |difference |
+==========+=======+======+=========+===========+
|code      |313    |73.47 |312      |+1.00      |
+----------+-------+------+---------+-----------+
|docstring |73     |17.14 |73       |=          |
+----------+-------+------+---------+-----------+
|comment   |16     |3.76  |16       |=          |
+----------+-------+------+---------+-----------+
|empty     |24     |5.63  |24       |=          |
+----------+-------+------+---------+-----------+



Statistics by type
------------------

+---------+-------+-----------+-----------+------------+---------+
|type     |number |old number |difference |%documented |%badname |
+=========+=======+===========+===========+============+=========+
|module   |5      |5          |=          |100.00      |0.00     |
+---------+-------+-----------+-----------+------------+---------+
|class    |3      |3          |=          |100.00      |0.00     |
+---------+-------+-----------+-----------+------------+---------+
|method   |58     |58         |=          |100.00      |0.00     |
+---------+-------+-----------+-----------+------------+---------+
|function |1      |1          |=          |100.00      |0.00     |
+---------+-------+-----------+-----------+------------+---------+



External dependencies
---------------------
::

    gtk (gefica)
      \-glade (gfc.GFCInterfaceManager)
    poppler (gfc.GFCInterfaceManager)



Duplication
-----------

+-------------------------+------+---------+-----------+
|                         |now   |previous |difference |
+=========================+======+=========+===========+
|nb duplicated lines      |0     |0        |=          |
+-------------------------+------+---------+-----------+
|percent duplicated lines |0.000 |0.000    |=          |
+-------------------------+------+---------+-----------+



Messages by category
--------------------

+-----------+-------+---------+-----------+
|type       |number |previous |difference |
+===========+=======+=========+===========+
|convention |0      |0        |=          |
+-----------+-------+---------+-----------+
|refactor   |2      |2        |=          |
+-----------+-------+---------+-----------+
|warning    |1      |1        |=          |
+-----------+-------+---------+-----------+
|error      |1      |1        |=          |
+-----------+-------+---------+-----------+



% errors / warnings by module
-----------------------------

+------------------------+-------+--------+---------+-----------+
|module                  |error  |warning |refactor |convention |
+========================+=======+========+=========+===========+
|gfc.GFCInterfaceManager |100.00 |0.00    |100.00   |0.00       |
+------------------------+-------+--------+---------+-----------+
|gfc.GFCCardsManager     |0.00   |100.00  |0.00     |0.00       |
+------------------------+-------+--------+---------+-----------+



Messages
--------

+-----------+------------+
|message id |occurrences |
+===========+============+
|W0403      |1           |
+-----------+------------+
|R0904      |1           |
+-----------+------------+
|R0201      |1           |
+-----------+------------+
|E1101      |1           |
+-----------+------------+



Global evaluation
-----------------
Your code has been rated at 9.75/10 (previous run: 9.74/10)

